---------- Date: 2020-02-26 06:55:14 ~ IP : 138.130.166.105 ----------
REQUEST URI : /office/store/index.php?route=register/step8
MOD DETAILS:
   modFile   : /home/mbatradingacadem/public_html/office/store/vqmod/xml/catalog_register.xml
   id        : Startup : Updates
   version   : 2.3.0.2
   vqmver    : 2.6.0
   author    : Infinite Open Source Solutions

File Name    : catalog/controller/extension/regpayment/*.php(0)
VQModObject::applyMod - SEARCH NOT FOUND (SKIPPED): if (!$this->model_account_inf_register->isRegistrationAllowed()) {

----------------------------------------------------------------------


---------- Date: 2020-02-26 06:55:44 ~ IP : 138.130.166.105 ----------
REQUEST URI : /office/store/index.php?route=extension/regpayment/stripe/confirm
MOD DETAILS:
   modFile   : /home/mbatradingacadem/public_html/office/store/vqmod/xml/catalog_checkout.xml
   id        : Startup : Updates
   version   : 2.3.0.2
   vqmver    : 2.6.0
   author    : Infinite Open Source Solutions

File Name    : catalog/view/theme/parallax/template/mail/order.tpl(0)
VQModObject::applyMod - SEARCH NOT FOUND (SKIPPED): <td style="font-size: 12px; border-right: 1px solid #DDDDDD; border-bottom: 1px solid #DDDDDD; text-align: right; padding: 7px;"><?php echo $product['quantity']; ?></td>

File Name    : catalog/view/theme/parallax/template/mail/order.tpl(1)
VQModObject::applyMod - SEARCH NOT FOUND (SKIPPED): <td style="font-size: 12px; border-right: 1px solid #DDDDDD; border-bottom: 1px solid #DDDDDD; text-align: right; padding: 7px;"><?php echo $product['price']; ?></td>

File Name    : catalog/view/theme/parallax/template/mail/order.tpl(2)
VQModObject::applyMod - SEARCH NOT FOUND (SKIPPED): <td style="font-size: 12px; border-right: 1px solid #DDDDDD; border-bottom: 1px solid #DDDDDD; text-align: right; padding: 7px;" colspan="4"><b><?php echo $total['title']; ?>:</b></td>

----------------------------------------------------------------------


